Using pre-set license
Built from '2020.3/staging' branch; Version is '2020.3.5f1 (8095aa901b9b) revision 8426922'; Using compiler version '192528614'; Build Type 'Release'
OS: 'Windows 10 Education; OS build 19044.1288; Version 2009; 64bit' Language: 'en' Physical Memory: 32617 MB
BatchMode: 1, IsHumanControllingUs: 0, StartBugReporterOnCrash: 0, Is64bit: 1, IsPro: 0

 COMMAND LINE ARGUMENTS:
C:\Program Files\Unity\Hub\Editor\2020.3.5f1\Editor\Unity.exe
-adb2
-batchMode
-noUpm
-name
AssetImportWorker0
-projectPath
C:/Users/s201031/Desktop/HLSL Project
-logFile
Logs/AssetImportWorker0.log
-srvPort
58760
Successfully changed project path to: C:/Users/s201031/Desktop/HLSL Project
C:/Users/s201031/Desktop/HLSL Project
Using Asset Import Pipeline V2.
Refreshing native plugins compatible for Editor in 18.59 ms, found 0 plugins.
Preloading 0 native plugins for Editor in 0.00 ms.
Initialize engine version: 2020.3.5f1 (8095aa901b9b)
[Subsystems] Discovering subsystems at path C:/Program Files/Unity/Hub/Editor/2020.3.5f1/Editor/Data/Resources/UnitySubsystems
[Subsystems] Discovering subsystems at path C:/Users/s201031/Desktop/HLSL Project/Assets
GfxDevice: creating device client; threaded=0
Direct3D:
    Version:  Direct3D 11.0 [level 11.1]
    Renderer: NVIDIA GeForce RTX 3060 Ti (ID=0x2489)
    Vendor:   
    VRAM:     8050 MB
    Driver:   30.0.14.9676
Initialize mono
Mono path[0] = 'C:/Program Files/Unity/Hub/Editor/2020.3.5f1/Editor/Data/Managed'
Mono path[1] = 'C:/Program Files/Unity/Hub/Editor/2020.3.5f1/Editor/Data/MonoBleedingEdge/lib/mono/unityjit'
Mono config path = 'C:/Program Files/Unity/Hub/Editor/2020.3.5f1/Editor/Data/MonoBleedingEdge/etc'
Using monoOptions --debugger-agent=transport=dt_socket,embedding=1,server=y,suspend=n,address=127.0.0.1:56536
Begin MonoManager ReloadAssembly
Registering precompiled unity dll's ...
Register platform support module: C:/Program Files/Unity/Hub/Editor/2020.3.5f1/Editor/Data/PlaybackEngines/WebGLSupport/UnityEditor.WebGL.Extensions.dll
Register platform support module: C:/Program Files/Unity/Hub/Editor/2020.3.5f1/Editor/Data/PlaybackEngines/WindowsStandaloneSupport/UnityEditor.WindowsStandalone.Extensions.dll
Registered in 0.001544 seconds.
Native extension for WindowsStandalone target not found
Native extension for WebGL target not found
Refreshing native plugins compatible for Editor in 18.13 ms, found 0 plugins.
Preloading 0 native plugins for Editor in 0.00 ms.
Mono: successfully reloaded assembly
- Completed reload, in  0.858 seconds
Platform modules already initialized, skipping
Registering precompiled user dll's ...
Registered in 0.000474 seconds.
Begin MonoManager ReloadAssembly
Native extension for WindowsStandalone target not found
Native extension for WebGL target not found
Refreshing native plugins compatible for Editor in 0.19 ms, found 0 plugins.
Preloading 0 native plugins for Editor in 0.00 ms.
Mono: successfully reloaded assembly
- Completed reload, in  0.632 seconds
Platform modules already initialized, skipping
========================================================================
Worker process is ready to serve import requests
Launched and connected shader compiler UnityShaderCompiler.exe after 0.02 seconds
Refreshing native plugins compatible for Editor in 0.19 ms, found 0 plugins.
Preloading 0 native plugins for Editor in 0.00 ms.
Unloading 1115 Unused Serialized files (Serialized files now loaded: 0)
System memory in use before: 57.1 MB.
System memory in use after: 57.1 MB.

Unloading 10 unused Assets to reduce memory usage. Loaded Objects now: 1557.
Total: 1.511200 ms (FindLiveObjects: 0.104800 ms CreateObjectMapping: 0.028800 ms MarkObjects: 1.321000 ms  DeleteObjects: 0.055800 ms)

========================================================================
Received Import Request.
  path: Assets
  artifactKey: Guid(00000000000000001000000000000000) Importer(815301076,1909f56bfc062723c751e8b465ee728b)
Start importing Assets using Guid(00000000000000001000000000000000) Importer(815301076,1909f56bfc062723c751e8b465ee728b)  -> (artifact id: 'e4856052512617ee48189cf1d7999900') in 0.008034 seconds
  Import took 0.009541 seconds .

========================================================================
Received Import Request.
  Time since last request: 5.712193 seconds.
  path: Assets/Materials
  artifactKey: Guid(68a457c79e21abc47922f72d6ba28a7e) Importer(815301076,1909f56bfc062723c751e8b465ee728b)
Start importing Assets/Materials using Guid(68a457c79e21abc47922f72d6ba28a7e) Importer(815301076,1909f56bfc062723c751e8b465ee728b)  -> (artifact id: 'e843f41fe058db715db92f98889ceee6') in 0.005678 seconds
  Import took 0.007345 seconds .

========================================================================
Received Import Request.
  Time since last request: 13.770737 seconds.
  path: Assets/Materials/ShaderCode
  artifactKey: Guid(d21b6d5498eb8e240b29ab88aa2540a4) Importer(815301076,1909f56bfc062723c751e8b465ee728b)
Start importing Assets/Materials/ShaderCode using Guid(d21b6d5498eb8e240b29ab88aa2540a4) Importer(815301076,1909f56bfc062723c751e8b465ee728b)  -> (artifact id: '1c92b4fdcc06fa3fb22234b468326f9a') in 0.005838 seconds
  Import took 0.007331 seconds .

========================================================================
Received Import Request.
  Time since last request: 101.648634 seconds.
  path: Assets/Scenes
  artifactKey: Guid(1980e6d4bc1690e44a44b8b0c4a36ed9) Importer(815301076,1909f56bfc062723c751e8b465ee728b)
Start importing Assets/Scenes using Guid(1980e6d4bc1690e44a44b8b0c4a36ed9) Importer(815301076,1909f56bfc062723c751e8b465ee728b)  -> (artifact id: '215086e79370e46ac9beffd77a3a3fe3') in 0.006066 seconds
  Import took 0.007765 seconds .

========================================================================
Received Import Request.
  Time since last request: 8.369184 seconds.
  path: Assets/Scripts
  artifactKey: Guid(3619903719a4de44ba5f053e0c3a7304) Importer(815301076,1909f56bfc062723c751e8b465ee728b)
Start importing Assets/Scripts using Guid(3619903719a4de44ba5f053e0c3a7304) Importer(815301076,1909f56bfc062723c751e8b465ee728b)  -> (artifact id: '2e79e69b204e339a15af3c76c4a6411c') in 0.004903 seconds
  Import took 0.006466 seconds .

========================================================================
Received Import Request.
  Time since last request: 13.177790 seconds.
  path: Assets/Prefabs
  artifactKey: Guid(3277078a8a663ea4dbdeb09befd4ed6f) Importer(815301076,1909f56bfc062723c751e8b465ee728b)
Start importing Assets/Prefabs using Guid(3277078a8a663ea4dbdeb09befd4ed6f) Importer(815301076,1909f56bfc062723c751e8b465ee728b)  -> (artifact id: 'f35d9608fb7ae5558aa8d02c581667ab') in 0.005070 seconds
  Import took 0.006714 seconds .

========================================================================
Received Import Request.
  Time since last request: 198.902032 seconds.
  path: Assets/Materials/New Material.mat
  artifactKey: Guid(d9984038198a0ca4ea84cd9f9e7e8501) Importer(815301076,1909f56bfc062723c751e8b465ee728b)
Start importing Assets/Materials/New Material.mat using Guid(d9984038198a0ca4ea84cd9f9e7e8501) Importer(815301076,1909f56bfc062723c751e8b465ee728b)  -> (artifact id: '6668d6aa4e814146e170b1cc7437d115') in 0.078810 seconds
  Import took 0.080764 seconds .

========================================================================
Received Import Request.
  Time since last request: 12.900101 seconds.
  path: Assets/Materials/Red.mat
  artifactKey: Guid(f105e4e3005a8514c8d3c4dac74f14f8) Importer(815301076,1909f56bfc062723c751e8b465ee728b)
Start importing Assets/Materials/Red.mat using Guid(f105e4e3005a8514c8d3c4dac74f14f8) Importer(815301076,1909f56bfc062723c751e8b465ee728b)  -> (artifact id: '67a9a2b2f1715202746c2aeaa7f71b9f') in 0.010279 seconds
  Import took 0.011966 seconds .

========================================================================
Received Import Request.
  Time since last request: 18.190258 seconds.
  path: Assets/Materials/Red.mat
  artifactKey: Guid(f105e4e3005a8514c8d3c4dac74f14f8) Importer(815301076,1909f56bfc062723c751e8b465ee728b)
Start importing Assets/Materials/Red.mat using Guid(f105e4e3005a8514c8d3c4dac74f14f8) Importer(815301076,1909f56bfc062723c751e8b465ee728b)  -> (artifact id: 'c98c4c63ba53d9da693b97cdffcb9292') in 0.010359 seconds
  Import took 0.012019 seconds .

========================================================================
Received Import Request.
  Time since last request: 266.211463 seconds.
  path: Assets/Materials/ShaderCode/RimLighting.shader
  artifactKey: Guid(9a5a570a912b22a42bf4101e9a39fbe1) Importer(815301076,1909f56bfc062723c751e8b465ee728b)
Start importing Assets/Materials/ShaderCode/RimLighting.shader using Guid(9a5a570a912b22a42bf4101e9a39fbe1) Importer(815301076,1909f56bfc062723c751e8b465ee728b)  -> (artifact id: 'eb85f96763ff0b869966dac2f317d5d9') in 0.008176 seconds
  Import took 0.010224 seconds .

========================================================================
Received Import Request.
  Time since last request: 141.265361 seconds.
  path: Assets/Materials/mat_rimLight.mat
  artifactKey: Guid(32d9c1eb5fc3d5d44bf577bc48da8e58) Importer(815301076,1909f56bfc062723c751e8b465ee728b)
Start importing Assets/Materials/mat_rimLight.mat using Guid(32d9c1eb5fc3d5d44bf577bc48da8e58) Importer(815301076,1909f56bfc062723c751e8b465ee728b)  -> (artifact id: '2b8fbd42b321624296b7b66d1cffec53') in 0.009663 seconds
  Import took 0.011413 seconds .

========================================================================
Received Import Request.
  Time since last request: 1059.711212 seconds.
  path: Assets/Materials/mat_Red.mat
  artifactKey: Guid(f105e4e3005a8514c8d3c4dac74f14f8) Importer(815301076,1909f56bfc062723c751e8b465ee728b)
Start importing Assets/Materials/mat_Red.mat using Guid(f105e4e3005a8514c8d3c4dac74f14f8) Importer(815301076,1909f56bfc062723c751e8b465ee728b)  -> (artifact id: 'f12e30ef033924491aeb8c4b3bd4cde1') in 0.010240 seconds
  Import took 0.012173 seconds .

========================================================================
Received Import Request.
  Time since last request: 0.000125 seconds.
  path: Assets/Materials/mat_rimLight.mat
  artifactKey: Guid(32d9c1eb5fc3d5d44bf577bc48da8e58) Importer(815301076,1909f56bfc062723c751e8b465ee728b)
Start importing Assets/Materials/mat_rimLight.mat using Guid(32d9c1eb5fc3d5d44bf577bc48da8e58) Importer(815301076,1909f56bfc062723c751e8b465ee728b)  -> (artifact id: '7e46379454832fea7992c1544e247edd') in 0.018121 seconds
  Import took 0.019836 seconds .

========================================================================
Received Import Request.
  Time since last request: 4965.802497 seconds.
  path: Assets/Materials/chess.jpg
  artifactKey: Guid(caa706e3ff4e576418ebb6e060e8eaaf) Importer(815301076,1909f56bfc062723c751e8b465ee728b)
Start importing Assets/Materials/chess.jpg using Guid(caa706e3ff4e576418ebb6e060e8eaaf) Importer(815301076,1909f56bfc062723c751e8b465ee728b)  -> (artifact id: '92225d59f67f4e9a585bc44f4f920524') in 0.015762 seconds
  Import took 0.017757 seconds .

========================================================================
Received Import Request.
  Time since last request: 0.000164 seconds.
  path: Assets/Materials/Dot.png
  artifactKey: Guid(5e9addeb6ec7db346be1557a8bc1a7b7) Importer(815301076,1909f56bfc062723c751e8b465ee728b)
Start importing Assets/Materials/Dot.png using Guid(5e9addeb6ec7db346be1557a8bc1a7b7) Importer(815301076,1909f56bfc062723c751e8b465ee728b)  -> (artifact id: '7ec37235c8d6a13adc34d076b29f6ea9') in 0.007708 seconds
  Import took 0.009097 seconds .

========================================================================
Received Import Request.
  Time since last request: 48.363207 seconds.
  path: Assets/Materials/mat_Chess.mat
  artifactKey: Guid(101e18b8c00adf144b160c9111d9b181) Importer(815301076,1909f56bfc062723c751e8b465ee728b)
Start importing Assets/Materials/mat_Chess.mat using Guid(101e18b8c00adf144b160c9111d9b181) Importer(815301076,1909f56bfc062723c751e8b465ee728b)  -> (artifact id: 'f4b3476e664033a2649d5182cc71eb86') in 0.009244 seconds
  Import took 0.011642 seconds .

========================================================================
Received Import Request.
  Time since last request: 63.338309 seconds.
  path: Assets/Materials/yamum.mat
  artifactKey: Guid(612c745cd8a13fd4586070b09db68e76) Importer(815301076,1909f56bfc062723c751e8b465ee728b)
Start importing Assets/Materials/yamum.mat using Guid(612c745cd8a13fd4586070b09db68e76) Importer(815301076,1909f56bfc062723c751e8b465ee728b)  -> (artifact id: '1aa42533184e5b2c2017e99e00198e9b') in 0.008859 seconds
  Import took 0.010537 seconds .

========================================================================
Received Import Request.
  Time since last request: 37.059733 seconds.
  path: Assets/Materials/ShaderCode/DotPattern.shader
  artifactKey: Guid(e5fec568c233c8c49ab8332aab9b583c) Importer(815301076,1909f56bfc062723c751e8b465ee728b)
Start importing Assets/Materials/ShaderCode/DotPattern.shader using Guid(e5fec568c233c8c49ab8332aab9b583c) Importer(815301076,1909f56bfc062723c751e8b465ee728b)  -> (artifact id: '9282ba4d606a34dba7a843decc69c745') in 0.005465 seconds
  Import took 0.007146 seconds .

========================================================================
Received Import Request.
  Time since last request: 344.343422 seconds.
  path: Assets/Materials/ShaderCode/DotPattern.shader
  artifactKey: Guid(e5fec568c233c8c49ab8332aab9b583c) Importer(815301076,1909f56bfc062723c751e8b465ee728b)
Start importing Assets/Materials/ShaderCode/DotPattern.shader using Guid(e5fec568c233c8c49ab8332aab9b583c) Importer(815301076,1909f56bfc062723c751e8b465ee728b)  -> (artifact id: '36b52abcf60f3d55d25abce07b03a6a0') in 0.002298 seconds
  Import took 0.004094 seconds .

========================================================================
Received Import Request.
  Time since last request: 27.896768 seconds.
  path: Assets/Materials/mat_Pattern.mat
  artifactKey: Guid(f9bce77b29dd9b34097c107180a1386e) Importer(815301076,1909f56bfc062723c751e8b465ee728b)
Start importing Assets/Materials/mat_Pattern.mat using Guid(f9bce77b29dd9b34097c107180a1386e) Importer(815301076,1909f56bfc062723c751e8b465ee728b)  -> (artifact id: '4b238451cbf69c0d67d992bb3e70e952') in 0.011313 seconds
  Import took 0.013488 seconds .

========================================================================
Received Import Request.
  Time since last request: 94.545211 seconds.
  path: Assets/Materials/Materials
  artifactKey: Guid(4af3fd2003155564d9b8b0bbeee9863c) Importer(815301076,1909f56bfc062723c751e8b465ee728b)
Start importing Assets/Materials/Materials using Guid(4af3fd2003155564d9b8b0bbeee9863c) Importer(815301076,1909f56bfc062723c751e8b465ee728b)  -> (artifact id: 'b8159e192e3f088781d1609755572ed0') in 0.002133 seconds
  Import took 0.004010 seconds .

========================================================================
Received Import Request.
  Time since last request: 0.062243 seconds.
  path: Assets/Materials/Materials/Dot.mat
  artifactKey: Guid(a566d285a69ea64489db644ac7d5cc28) Importer(815301076,1909f56bfc062723c751e8b465ee728b)
Start importing Assets/Materials/Materials/Dot.mat using Guid(a566d285a69ea64489db644ac7d5cc28) Importer(815301076,1909f56bfc062723c751e8b465ee728b)  -> (artifact id: '6b6b04f2e66b44ae3e09df7d0f6ae532') in 0.009183 seconds
  Import took 0.010847 seconds .

========================================================================
Received Import Request.
  Time since last request: 6.152120 seconds.
  path: Assets/ybot.fbx
  artifactKey: Guid(cabffc46135324246ab5992aeb693b7b) Importer(815301076,1909f56bfc062723c751e8b465ee728b)
Start importing Assets/ybot.fbx using Guid(cabffc46135324246ab5992aeb693b7b) Importer(815301076,1909f56bfc062723c751e8b465ee728b)  -> (artifact id: 'ecc4a0062d1696933d3b7bf38669e555') in 0.117848 seconds
  Import took 0.119704 seconds .

========================================================================
Received Import Request.
  Time since last request: 1978.441468 seconds.
  path: Assets/Materials/Materials/ma_PatternCross.mat
  artifactKey: Guid(b33d6759b4fe9644bb25c4eba9b26b6f) Importer(815301076,1909f56bfc062723c751e8b465ee728b)
Start importing Assets/Materials/Materials/ma_PatternCross.mat using Guid(b33d6759b4fe9644bb25c4eba9b26b6f) Importer(815301076,1909f56bfc062723c751e8b465ee728b)  -> (artifact id: '98ef67652a396990bc59c706e7abdced') in 0.010028 seconds
  Import took 0.012002 seconds .

========================================================================
Received Import Request.
  Time since last request: 35.214884 seconds.
  path: Assets/Materials/Cross.psd
  artifactKey: Guid(250fa49086aed5443a1b8c99e6bb1205) Importer(815301076,1909f56bfc062723c751e8b465ee728b)
Start importing Assets/Materials/Cross.psd using Guid(250fa49086aed5443a1b8c99e6bb1205) Importer(815301076,1909f56bfc062723c751e8b465ee728b)  -> (artifact id: 'cf8fcd1bc0ab8ea785f459f615a8831f') in 0.016484 seconds
  Import took 0.018307 seconds .

========================================================================
Received Import Request.
  Time since last request: 288.601108 seconds.
  path: Assets/Materials/ShaderCode/Invisible.shader
  artifactKey: Guid(ce12e9bcf6e44fa4984ed83e4f06bfb4) Importer(815301076,1909f56bfc062723c751e8b465ee728b)
Start importing Assets/Materials/ShaderCode/Invisible.shader using Guid(ce12e9bcf6e44fa4984ed83e4f06bfb4) Importer(815301076,1909f56bfc062723c751e8b465ee728b)  -> (artifact id: '0fadd3652dbe0b11f80eefe077b9c199') in 0.007009 seconds
  Import took 0.009139 seconds .

========================================================================
Received Import Request.
  Time since last request: 433.074514 seconds.
  path: Assets/Materials/Materials/mat_Invisible.mat
  artifactKey: Guid(3f20d1a55751ead43b507b26f024f177) Importer(815301076,1909f56bfc062723c751e8b465ee728b)
Start importing Assets/Materials/Materials/mat_Invisible.mat using Guid(3f20d1a55751ead43b507b26f024f177) Importer(815301076,1909f56bfc062723c751e8b465ee728b)  -> (artifact id: 'dd76f1275e6f2d7966b5d1ceb7f4df26') in 0.009600 seconds
  Import took 0.011539 seconds .

========================================================================
Received Import Request.
  Time since last request: 4373.829077 seconds.
  path: Assets/Materials/Materials/ma_PatternCross.mat
  artifactKey: Guid(b33d6759b4fe9644bb25c4eba9b26b6f) Importer(815301076,1909f56bfc062723c751e8b465ee728b)
Start importing Assets/Materials/Materials/ma_PatternCross.mat using Guid(b33d6759b4fe9644bb25c4eba9b26b6f) Importer(815301076,1909f56bfc062723c751e8b465ee728b)  -> (artifact id: '495f2f3f76bf92dd19191dd03ba9fb83') in 0.012941 seconds
  Import took 0.015220 seconds .

========================================================================
Received Import Request.
  Time since last request: 0.000224 seconds.
  path: Assets/Materials/Materials/mat_Invisible.mat
  artifactKey: Guid(3f20d1a55751ead43b507b26f024f177) Importer(815301076,1909f56bfc062723c751e8b465ee728b)
Start importing Assets/Materials/Materials/mat_Invisible.mat using Guid(3f20d1a55751ead43b507b26f024f177) Importer(815301076,1909f56bfc062723c751e8b465ee728b)  -> (artifact id: 'e8de8f3ccaa7dc32a5882fd6c51ebb15') in 0.019175 seconds
  Import took 0.020833 seconds .

========================================================================
Received Import Request.
  Time since last request: 0.000256 seconds.
  path: Assets/Materials/Materials/mat_RimLight.mat
  artifactKey: Guid(32d9c1eb5fc3d5d44bf577bc48da8e58) Importer(815301076,1909f56bfc062723c751e8b465ee728b)
Start importing Assets/Materials/Materials/mat_RimLight.mat using Guid(32d9c1eb5fc3d5d44bf577bc48da8e58) Importer(815301076,1909f56bfc062723c751e8b465ee728b)  -> (artifact id: 'eca8f3a3926492ff262f84a115685f42') in 0.012476 seconds
  Import took 0.014268 seconds .

========================================================================
Received Import Request.
  Time since last request: 0.000159 seconds.
  path: Assets/Materials/Materials/mat_Chess.mat
  artifactKey: Guid(101e18b8c00adf144b160c9111d9b181) Importer(815301076,1909f56bfc062723c751e8b465ee728b)
Start importing Assets/Materials/Materials/mat_Chess.mat using Guid(101e18b8c00adf144b160c9111d9b181) Importer(815301076,1909f56bfc062723c751e8b465ee728b)  -> (artifact id: '1ce6f0984c332487b7d55890ec113a68') in 0.009853 seconds
  Import took 0.011395 seconds .

========================================================================
Received Import Request.
  Time since last request: 0.000152 seconds.
  path: Assets/Materials/Materials/mat_PatternDot.mat
  artifactKey: Guid(f9bce77b29dd9b34097c107180a1386e) Importer(815301076,1909f56bfc062723c751e8b465ee728b)
Start importing Assets/Materials/Materials/mat_PatternDot.mat using Guid(f9bce77b29dd9b34097c107180a1386e) Importer(815301076,1909f56bfc062723c751e8b465ee728b)  -> (artifact id: '6b17d1f0b0a013ec132a711875dac5b2') in 0.009519 seconds
  Import took 0.011228 seconds .

========================================================================
Received Import Request.
  Time since last request: 154.665674 seconds.
  path: Assets/Materials/ShaderCode/InvisibleMultipass.shader
  artifactKey: Guid(5079a39f31fad2641b82d1f17672aadb) Importer(815301076,1909f56bfc062723c751e8b465ee728b)
Start importing Assets/Materials/ShaderCode/InvisibleMultipass.shader using Guid(5079a39f31fad2641b82d1f17672aadb) Importer(815301076,1909f56bfc062723c751e8b465ee728b)  -> (artifact id: '31e40cbf8692d293c7fe179bb1f08a3f') in 0.006824 seconds
  Import took 0.008906 seconds .

========================================================================
Received Import Request.
  Time since last request: 118.085668 seconds.
  path: Assets/Materials/ShaderCode/InvisibleMultipass.shader
  artifactKey: Guid(5079a39f31fad2641b82d1f17672aadb) Importer(815301076,1909f56bfc062723c751e8b465ee728b)
Start importing Assets/Materials/ShaderCode/InvisibleMultipass.shader using Guid(5079a39f31fad2641b82d1f17672aadb) Importer(815301076,1909f56bfc062723c751e8b465ee728b)  -> (artifact id: '2a918bd59077fb6ca61b93b1e75de4cd') in 0.003306 seconds
  Import took 0.005402 seconds .

========================================================================
Received Import Request.
  Time since last request: 95.104999 seconds.
  path: Assets/Materials/ShaderCode/InvisibleMultipass.shader
  artifactKey: Guid(5079a39f31fad2641b82d1f17672aadb) Importer(815301076,1909f56bfc062723c751e8b465ee728b)
Start importing Assets/Materials/ShaderCode/InvisibleMultipass.shader using Guid(5079a39f31fad2641b82d1f17672aadb) Importer(815301076,1909f56bfc062723c751e8b465ee728b)  -> (artifact id: '928b808026097bcdb57c0e66171b1923') in 0.003736 seconds
  Import took 0.006454 seconds .

========================================================================
Received Import Request.
  Time since last request: 1906.974252 seconds.
  path: Assets/Materials/Materials/mat_InvisMultiPass.mat
  artifactKey: Guid(c5b2f72cd2cb99e4bbcf2399a31fe5d4) Importer(815301076,1909f56bfc062723c751e8b465ee728b)
Start importing Assets/Materials/Materials/mat_InvisMultiPass.mat using Guid(c5b2f72cd2cb99e4bbcf2399a31fe5d4) Importer(815301076,1909f56bfc062723c751e8b465ee728b)  -> (artifact id: '43334717afcc22c78cc4ba296556b230') in 0.010547 seconds
  Import took 0.012521 seconds .

========================================================================
Received Import Request.
  Time since last request: 301.740086 seconds.
  path: Assets/Materials/ShaderCode/InvisibleMultipass.shader
  artifactKey: Guid(5079a39f31fad2641b82d1f17672aadb) Importer(815301076,1909f56bfc062723c751e8b465ee728b)
Start importing Assets/Materials/ShaderCode/InvisibleMultipass.shader using Guid(5079a39f31fad2641b82d1f17672aadb) Importer(815301076,1909f56bfc062723c751e8b465ee728b)  -> (artifact id: 'a6bf95382049dbfc0e2f535603496caf') in 0.003185 seconds
  Import took 0.005092 seconds .

========================================================================
Received Import Request.
  Time since last request: 0.001048 seconds.
  path: Assets/Materials/ShaderCode/InvisibleMultipass.shader
  artifactKey: Guid(5079a39f31fad2641b82d1f17672aadb) Importer(815301076,1909f56bfc062723c751e8b465ee728b)
Start importing Assets/Materials/ShaderCode/InvisibleMultipass.shader using Guid(5079a39f31fad2641b82d1f17672aadb) Importer(815301076,1909f56bfc062723c751e8b465ee728b)  -> (artifact id: 'a6bf95382049dbfc0e2f535603496caf') in 0.003004 seconds
  Import took 0.004856 seconds .

========================================================================
Received Import Request.
  Time since last request: 405.433924 seconds.
  path: Assets/Materials/Materials/mat_Invisible.mat
  artifactKey: Guid(3f20d1a55751ead43b507b26f024f177) Importer(815301076,1909f56bfc062723c751e8b465ee728b)
Start importing Assets/Materials/Materials/mat_Invisible.mat using Guid(3f20d1a55751ead43b507b26f024f177) Importer(815301076,1909f56bfc062723c751e8b465ee728b)  -> (artifact id: '9b35daa3cfd137f74e78a3613d8d4286') in 0.011713 seconds
  Import took 0.013789 seconds .

========================================================================
Received Import Request.
  Time since last request: 0.000119 seconds.
  path: Assets/Materials/Materials/mat_PatternCross.mat
  artifactKey: Guid(b33d6759b4fe9644bb25c4eba9b26b6f) Importer(815301076,1909f56bfc062723c751e8b465ee728b)
Start importing Assets/Materials/Materials/mat_PatternCross.mat using Guid(b33d6759b4fe9644bb25c4eba9b26b6f) Importer(815301076,1909f56bfc062723c751e8b465ee728b)  -> (artifact id: '16e1bb8c146ad19595d254458a11f0b4') in 0.010726 seconds
  Import took 0.012389 seconds .

========================================================================
Received Import Request.
  Time since last request: 0.000153 seconds.
  path: Assets/Materials/Materials/mat_InvisMultiPass.mat
  artifactKey: Guid(c5b2f72cd2cb99e4bbcf2399a31fe5d4) Importer(815301076,1909f56bfc062723c751e8b465ee728b)
Start importing Assets/Materials/Materials/mat_InvisMultiPass.mat using Guid(c5b2f72cd2cb99e4bbcf2399a31fe5d4) Importer(815301076,1909f56bfc062723c751e8b465ee728b)  -> (artifact id: 'd237e6ff9bbbc4a0c9cbf9386c11a675') in 0.014183 seconds
  Import took 0.015919 seconds .

========================================================================
Received Import Request.
  Time since last request: 514.440057 seconds.
  path: Assets/Materials/ShaderCode/InvertOutline.shader
  artifactKey: Guid(ac2386488e78ac2448f6648911773dc7) Importer(815301076,1909f56bfc062723c751e8b465ee728b)
Start importing Assets/Materials/ShaderCode/InvertOutline.shader using Guid(ac2386488e78ac2448f6648911773dc7) Importer(815301076,1909f56bfc062723c751e8b465ee728b)  -> (artifact id: '3a293f2881d160cd2637546c71c3dd1c') in 0.005781 seconds
  Import took 0.007788 seconds .

========================================================================
Received Import Request.
  Time since last request: 368.658016 seconds.
  path: Assets/Materials/Materials/mat_InverseOutline.mat
  artifactKey: Guid(a1b77f9fbc509dc4d936224c3c628da7) Importer(815301076,1909f56bfc062723c751e8b465ee728b)
Start importing Assets/Materials/Materials/mat_InverseOutline.mat using Guid(a1b77f9fbc509dc4d936224c3c628da7) Importer(815301076,1909f56bfc062723c751e8b465ee728b)  -> (artifact id: '46c13dc6472b68c9aeefa368b6767656') in 0.009767 seconds
  Import took 0.011583 seconds .

========================================================================
Received Import Request.
  Time since last request: 15.181700 seconds.
  path: Assets/Materials/Materials/mat_InverseOutline.mat
  artifactKey: Guid(a1b77f9fbc509dc4d936224c3c628da7) Importer(815301076,1909f56bfc062723c751e8b465ee728b)
Start importing Assets/Materials/Materials/mat_InverseOutline.mat using Guid(a1b77f9fbc509dc4d936224c3c628da7) Importer(815301076,1909f56bfc062723c751e8b465ee728b)  -> (artifact id: '232d9cfc7f9b54de38c1b5a764dc4062') in 0.010912 seconds
  Import took 0.012580 seconds .

========================================================================
Received Import Request.
  Time since last request: 0.000113 seconds.
  path: Assets/Materials/Materials/mat_Invisible.mat
  artifactKey: Guid(3f20d1a55751ead43b507b26f024f177) Importer(815301076,1909f56bfc062723c751e8b465ee728b)
Start importing Assets/Materials/Materials/mat_Invisible.mat using Guid(3f20d1a55751ead43b507b26f024f177) Importer(815301076,1909f56bfc062723c751e8b465ee728b)  -> (artifact id: 'ed8741f491bf03290d12ea1de685916e') in 0.010933 seconds
  Import took 0.012842 seconds .

========================================================================
Received Import Request.
  Time since last request: 157.778285 seconds.
  path: Assets/Materials/Materials/mat_InverseOutline.mat
  artifactKey: Guid(a1b77f9fbc509dc4d936224c3c628da7) Importer(815301076,1909f56bfc062723c751e8b465ee728b)
Start importing Assets/Materials/Materials/mat_InverseOutline.mat using Guid(a1b77f9fbc509dc4d936224c3c628da7) Importer(815301076,1909f56bfc062723c751e8b465ee728b)  -> (artifact id: '9bf9e58e3a8dac7ad3aa1c1c463fd80c') in 0.008820 seconds
  Import took 0.010670 seconds .

========================================================================
Received Import Request.
  Time since last request: 215.601933 seconds.
  path: Assets/Materials/ShaderCode/ForceField.shader
  artifactKey: Guid(528b9b79df1ae1d46a95922bb9722160) Importer(815301076,1909f56bfc062723c751e8b465ee728b)
Start importing Assets/Materials/ShaderCode/ForceField.shader using Guid(528b9b79df1ae1d46a95922bb9722160) Importer(815301076,1909f56bfc062723c751e8b465ee728b)  -> (artifact id: 'aa0092951c5d9af9259fdf511f424b51') in 0.006246 seconds
  Import took 0.008159 seconds .

========================================================================
Received Import Request.
  Time since last request: 24.613847 seconds.
  path: Assets/Materials/Materials/mat_ForceField.mat
  artifactKey: Guid(85cd47e08efc54743a022b860e078985) Importer(815301076,1909f56bfc062723c751e8b465ee728b)
Start importing Assets/Materials/Materials/mat_ForceField.mat using Guid(85cd47e08efc54743a022b860e078985) Importer(815301076,1909f56bfc062723c751e8b465ee728b)  -> (artifact id: 'e7030c3cbaef894219c3a43595094368') in 0.010085 seconds
  Import took 0.011911 seconds .

========================================================================
Received Import Request.
  Time since last request: 17.989637 seconds.
  path: Assets/Materials/Materials/mat_ForceField.mat
  artifactKey: Guid(85cd47e08efc54743a022b860e078985) Importer(815301076,1909f56bfc062723c751e8b465ee728b)
Start importing Assets/Materials/Materials/mat_ForceField.mat using Guid(85cd47e08efc54743a022b860e078985) Importer(815301076,1909f56bfc062723c751e8b465ee728b)  -> (artifact id: 'da99b26a133eb07dbcbd2ed537163a90') in 0.015958 seconds
  Import took 0.017856 seconds .

========================================================================
Received Import Request.
  Time since last request: 1379.137697 seconds.
  path: Assets/Materials/Materials/mat_ForceField.mat
  artifactKey: Guid(85cd47e08efc54743a022b860e078985) Importer(815301076,1909f56bfc062723c751e8b465ee728b)
Start importing Assets/Materials/Materials/mat_ForceField.mat using Guid(85cd47e08efc54743a022b860e078985) Importer(815301076,1909f56bfc062723c751e8b465ee728b)  -> (artifact id: '61756d93638450832261a797d0d43cdc') in 0.013484 seconds
  Import took 0.015701 seconds .

========================================================================
Received Prepare
Registering precompiled user dll's ...
Registered in 0.000464 seconds.
Begin MonoManager ReloadAssembly
Native extension for WindowsStandalone target not found
Native extension for WebGL target not found
Refreshing native plugins compatible for Editor in 0.20 ms, found 0 plugins.
Preloading 0 native plugins for Editor in 0.00 ms.
Mono: successfully reloaded assembly
- Completed reload, in  0.589 seconds
Platform modules already initialized, skipping
Refreshing native plugins compatible for Editor in 0.24 ms, found 0 plugins.
Preloading 0 native plugins for Editor in 0.00 ms.
Unloading 1116 Unused Serialized files (Serialized files now loaded: 0)
System memory in use before: 76.7 MB.
System memory in use after: 76.8 MB.

Unloading 5 unused Assets to reduce memory usage. Loaded Objects now: 1613.
Total: 1.512600 ms (FindLiveObjects: 0.123700 ms CreateObjectMapping: 0.029500 ms MarkObjects: 1.313400 ms  DeleteObjects: 0.044900 ms)

========================================================================
Received Import Request.
  Time since last request: 359.573981 seconds.
  path: Assets/Materials/Materials/mat_ForceField.mat
  artifactKey: Guid(85cd47e08efc54743a022b860e078985) Importer(815301076,1909f56bfc062723c751e8b465ee728b)
Start importing Assets/Materials/Materials/mat_ForceField.mat using Guid(85cd47e08efc54743a022b860e078985) Importer(815301076,1909f56bfc062723c751e8b465ee728b)  -> (artifact id: 'ba39d25c6a3ba27ff15d4a05ded8c8a1') in 0.046355 seconds
  Import took 0.047961 seconds .

========================================================================
Received Import Request.
  Time since last request: 508.010245 seconds.
  path: Assets/Materials/Materials/mat_ForceField.mat
  artifactKey: Guid(85cd47e08efc54743a022b860e078985) Importer(815301076,1909f56bfc062723c751e8b465ee728b)
Start importing Assets/Materials/Materials/mat_ForceField.mat using Guid(85cd47e08efc54743a022b860e078985) Importer(815301076,1909f56bfc062723c751e8b465ee728b)  -> (artifact id: '50e56560ca691bddbc4737bb5579e93a') in 0.013182 seconds
  Import took 0.014870 seconds .

========================================================================
Received Import Request.
  Time since last request: 1327.991132 seconds.
  path: Assets/Materials/ShaderGraphs
  artifactKey: Guid(29143b22e5716e045b095c1648039fc1) Importer(815301076,1909f56bfc062723c751e8b465ee728b)
Start importing Assets/Materials/ShaderGraphs using Guid(29143b22e5716e045b095c1648039fc1) Importer(815301076,1909f56bfc062723c751e8b465ee728b)  -> (artifact id: 'a9f39dfb1e7fdb31206c4faaab7f7619') in 0.004880 seconds
  Import took 0.006807 seconds .

========================================================================
Received Import Request.
  Time since last request: 111.863620 seconds.
  path: Assets/Materials/ShaderCode/DotPattern.shader
  artifactKey: Guid(e5fec568c233c8c49ab8332aab9b583c) Importer(815301076,1909f56bfc062723c751e8b465ee728b)
Start importing Assets/Materials/ShaderCode/DotPattern.shader using Guid(e5fec568c233c8c49ab8332aab9b583c) Importer(815301076,1909f56bfc062723c751e8b465ee728b)  -> (artifact id: '37ed21e3dbe1b7cca8d68f3b674404a5') in 0.002005 seconds
  Import took 0.003635 seconds .

========================================================================
Received Import Request.
  Time since last request: 0.000553 seconds.
  path: Assets/Materials/ShaderCode/DotPattern.shader
  artifactKey: Guid(e5fec568c233c8c49ab8332aab9b583c) Importer(815301076,1909f56bfc062723c751e8b465ee728b)
Start importing Assets/Materials/ShaderCode/DotPattern.shader using Guid(e5fec568c233c8c49ab8332aab9b583c) Importer(815301076,1909f56bfc062723c751e8b465ee728b)  -> (artifact id: '37ed21e3dbe1b7cca8d68f3b674404a5') in 0.001365 seconds
  Import took 0.002648 seconds .

AssetImportWorkerClient::OnTransportError - code=2 error=End of file
