Using pre-set license
Built from '2020.3/staging' branch; Version is '2020.3.5f1 (8095aa901b9b) revision 8426922'; Using compiler version '192528614'; Build Type 'Release'
OS: 'Windows 10 Education; OS build 19044.1288; Version 2009; 64bit' Language: 'en' Physical Memory: 32617 MB
BatchMode: 1, IsHumanControllingUs: 0, StartBugReporterOnCrash: 0, Is64bit: 1, IsPro: 0

 COMMAND LINE ARGUMENTS:
C:\Program Files\Unity\Hub\Editor\2020.3.5f1\Editor\Unity.exe
-adb2
-batchMode
-noUpm
-name
AssetImportWorker0
-projectPath
C:/Users/s201031/Desktop/URP Project
-logFile
Logs/AssetImportWorker0.log
-srvPort
50024
Successfully changed project path to: C:/Users/s201031/Desktop/URP Project
C:/Users/s201031/Desktop/URP Project
Using Asset Import Pipeline V2.
Refreshing native plugins compatible for Editor in 33.49 ms, found 0 plugins.
Preloading 0 native plugins for Editor in 0.00 ms.
Initialize engine version: 2020.3.5f1 (8095aa901b9b)
[Subsystems] Discovering subsystems at path C:/Program Files/Unity/Hub/Editor/2020.3.5f1/Editor/Data/Resources/UnitySubsystems
[Subsystems] Discovering subsystems at path C:/Users/s201031/Desktop/URP Project/Assets
GfxDevice: creating device client; threaded=0
Direct3D:
    Version:  Direct3D 11.0 [level 11.1]
    Renderer: NVIDIA GeForce RTX 3060 Ti (ID=0x2489)
    Vendor:   
    VRAM:     8050 MB
    Driver:   30.0.14.9676
Initialize mono
Mono path[0] = 'C:/Program Files/Unity/Hub/Editor/2020.3.5f1/Editor/Data/Managed'
Mono path[1] = 'C:/Program Files/Unity/Hub/Editor/2020.3.5f1/Editor/Data/MonoBleedingEdge/lib/mono/unityjit'
Mono config path = 'C:/Program Files/Unity/Hub/Editor/2020.3.5f1/Editor/Data/MonoBleedingEdge/etc'
Using monoOptions --debugger-agent=transport=dt_socket,embedding=1,server=y,suspend=n,address=127.0.0.1:56664
Begin MonoManager ReloadAssembly
Registering precompiled unity dll's ...
Register platform support module: C:/Program Files/Unity/Hub/Editor/2020.3.5f1/Editor/Data/PlaybackEngines/WebGLSupport/UnityEditor.WebGL.Extensions.dll
Register platform support module: C:/Program Files/Unity/Hub/Editor/2020.3.5f1/Editor/Data/PlaybackEngines/WindowsStandaloneSupport/UnityEditor.WindowsStandalone.Extensions.dll
Registered in 0.001293 seconds.
Native extension for WindowsStandalone target not found
Native extension for WebGL target not found
Refreshing native plugins compatible for Editor in 34.19 ms, found 0 plugins.
Preloading 0 native plugins for Editor in 0.00 ms.
Mono: successfully reloaded assembly
- Completed reload, in  0.855 seconds
Platform modules already initialized, skipping
Registering precompiled user dll's ...
Registered in 0.000872 seconds.
Begin MonoManager ReloadAssembly
Native extension for WindowsStandalone target not found
Native extension for WebGL target not found
Refreshing native plugins compatible for Editor in 37.58 ms, found 0 plugins.
Preloading 0 native plugins for Editor in 0.00 ms.
Mono: successfully reloaded assembly
- Completed reload, in  0.790 seconds
Platform modules already initialized, skipping
========================================================================
Worker process is ready to serve import requests
Shader 'Universal Render Pipeline/Particles/Lit': fallback shader 'Universal Render Pipeline/Particles/SimpleLit' not found
Shader 'Universal Render Pipeline/Particles/Lit': fallback shader 'Universal Render Pipeline/Particles/SimpleLit' not found
Launched and connected shader compiler UnityShaderCompiler.exe after 0.02 seconds
Refreshing native plugins compatible for Editor in 0.39 ms, found 0 plugins.
Preloading 0 native plugins for Editor in 0.00 ms.
Unloading 2423 Unused Serialized files (Serialized files now loaded: 0)
System memory in use before: 115.2 MB.
System memory in use after: 112.5 MB.

Unloading 43 unused Assets to reduce memory usage. Loaded Objects now: 2834.
Total: 3.306400 ms (FindLiveObjects: 0.372000 ms CreateObjectMapping: 0.125700 ms MarkObjects: 1.673500 ms  DeleteObjects: 1.134200 ms)

========================================================================
Received Import Request.
  path: Assets/Materials/mat_Pattern.mat
  artifactKey: Guid(6841f721db53de945846042772269b91) Importer(815301076,1909f56bfc062723c751e8b465ee728b)
Start importing Assets/Materials/mat_Pattern.mat using Guid(6841f721db53de945846042772269b91) Importer(815301076,1909f56bfc062723c751e8b465ee728b)  -> (artifact id: '43ab90c38b0126a5ec73f4d801de8d88') in 0.177795 seconds
  Import took 0.181139 seconds .

========================================================================
Received Import Request.
  Time since last request: 85.686770 seconds.
  path: Assets/Materials/PBR/Pattern.shadergraph
  artifactKey: Guid(b66eab9c05a566a469404fd6129a276e) Importer(815301076,1909f56bfc062723c751e8b465ee728b)
Start importing Assets/Materials/PBR/Pattern.shadergraph using Guid(b66eab9c05a566a469404fd6129a276e) Importer(815301076,1909f56bfc062723c751e8b465ee728b)  -> (artifact id: 'c7de8084bf00b025831ba3bf32ef0cdb') in 0.005596 seconds
  Import took 0.009269 seconds .

========================================================================
Received Import Request.
  Time since last request: 0.158531 seconds.
  path: Assets/Materials/PBR/Pattern.shadergraph
  artifactKey: Guid(b66eab9c05a566a469404fd6129a276e) Importer(815301076,1909f56bfc062723c751e8b465ee728b)
Start importing Assets/Materials/PBR/Pattern.shadergraph using Guid(b66eab9c05a566a469404fd6129a276e) Importer(815301076,1909f56bfc062723c751e8b465ee728b)  -> (artifact id: 'c7de8084bf00b025831ba3bf32ef0cdb') in 0.002014 seconds
  Import took 0.005325 seconds .

========================================================================
Received Import Request.
  Time since last request: 549.946562 seconds.
  path: Assets/Materials/PBR/Pattern.shadergraph
  artifactKey: Guid(b66eab9c05a566a469404fd6129a276e) Importer(815301076,1909f56bfc062723c751e8b465ee728b)
Start importing Assets/Materials/PBR/Pattern.shadergraph using Guid(b66eab9c05a566a469404fd6129a276e) Importer(815301076,1909f56bfc062723c751e8b465ee728b)  -> (artifact id: 'baaadb762b7b6539acd6a73a90c291cd') in 0.002320 seconds
  Import took 0.006421 seconds .

========================================================================
Received Import Request.
  Time since last request: 2772.441529 seconds.
  path: Assets/Materials/PBR/Pattern.shadergraph
  artifactKey: Guid(b66eab9c05a566a469404fd6129a276e) Importer(815301076,1909f56bfc062723c751e8b465ee728b)
Start importing Assets/Materials/PBR/Pattern.shadergraph using Guid(b66eab9c05a566a469404fd6129a276e) Importer(815301076,1909f56bfc062723c751e8b465ee728b)  -> (artifact id: '1fc4620032a2f87292b6e2f1aa60ac1f') in 0.002587 seconds
  Import took 0.006736 seconds .

========================================================================
Received Import Request.
  Time since last request: 1981.218511 seconds.
  path: Assets/Materials/mat_Pattern.mat
  artifactKey: Guid(6841f721db53de945846042772269b91) Importer(815301076,1909f56bfc062723c751e8b465ee728b)
Start importing Assets/Materials/mat_Pattern.mat using Guid(6841f721db53de945846042772269b91) Importer(815301076,1909f56bfc062723c751e8b465ee728b)  -> (artifact id: '3ba26e99447449cfbd43d78f4c6ba058') in 0.007390 seconds
  Import took 0.011387 seconds .

========================================================================
Received Import Request.
  Time since last request: 306.947131 seconds.
  path: Assets/Settings
  artifactKey: Guid(0735c275001a2c84dafdb30deced5d8d) Importer(815301076,1909f56bfc062723c751e8b465ee728b)
Start importing Assets/Settings using Guid(0735c275001a2c84dafdb30deced5d8d) Importer(815301076,1909f56bfc062723c751e8b465ee728b)  -> (artifact id: '3daad50ea61eb0cbd454ca35c0142d9c') in 0.006672 seconds
  Import took 0.010433 seconds .

========================================================================
Received Import Request.
  Time since last request: 0.088497 seconds.
  path: Assets/Settings/ForwardRenderer.asset
  artifactKey: Guid(4a8e21d5c33334b11b34a596161b9360) Importer(815301076,1909f56bfc062723c751e8b465ee728b)
Start importing Assets/Settings/ForwardRenderer.asset using Guid(4a8e21d5c33334b11b34a596161b9360) Importer(815301076,1909f56bfc062723c751e8b465ee728b)  -> (artifact id: '6f79e51202f07996c29475adfc0bf585') in 0.007764 seconds
  Import took 0.010943 seconds .

========================================================================
Received Import Request.
  Time since last request: 0.000238 seconds.
  path: Assets/Settings/SampleSceneProfile.asset
  artifactKey: Guid(10fc4df2da32a41aaa32d77bc913491c) Importer(815301076,1909f56bfc062723c751e8b465ee728b)
Start importing Assets/Settings/SampleSceneProfile.asset using Guid(10fc4df2da32a41aaa32d77bc913491c) Importer(815301076,1909f56bfc062723c751e8b465ee728b)  -> (artifact id: '9dd4b2b05a24c2ef6718d98fc4f81ea6') in 0.007492 seconds
  Import took 0.010502 seconds .

========================================================================
Received Import Request.
  Time since last request: 0.000210 seconds.
  path: Assets/Settings/UniversalRP-LowQuality.asset
  artifactKey: Guid(a31e9f9f9c9d4b9429ed0d1234e22103) Importer(815301076,1909f56bfc062723c751e8b465ee728b)
Start importing Assets/Settings/UniversalRP-LowQuality.asset using Guid(a31e9f9f9c9d4b9429ed0d1234e22103) Importer(815301076,1909f56bfc062723c751e8b465ee728b)  -> (artifact id: '9ae6d53b897516bb8e19d1cf1fdf5643') in 0.006098 seconds
  Import took 0.009229 seconds .

========================================================================
Received Import Request.
  Time since last request: 0.000162 seconds.
  path: Assets/Settings/UniversalRP-MediumQuality.asset
  artifactKey: Guid(d847b876476d3d6468f5dfcd34266f96) Importer(815301076,1909f56bfc062723c751e8b465ee728b)
Start importing Assets/Settings/UniversalRP-MediumQuality.asset using Guid(d847b876476d3d6468f5dfcd34266f96) Importer(815301076,1909f56bfc062723c751e8b465ee728b)  -> (artifact id: '04eac606c4ab802ee3ffe392f8ae89a0') in 0.006104 seconds
  Import took 0.009596 seconds .

========================================================================
Received Import Request.
  Time since last request: 0.000176 seconds.
  path: Assets/Settings/UniversalRP-HighQuality.asset
  artifactKey: Guid(19ba41d7c0026c3459d37c2fe90c55a0) Importer(815301076,1909f56bfc062723c751e8b465ee728b)
Start importing Assets/Settings/UniversalRP-HighQuality.asset using Guid(19ba41d7c0026c3459d37c2fe90c55a0) Importer(815301076,1909f56bfc062723c751e8b465ee728b)  -> (artifact id: 'e6e004c20550493b0077b859a97c0df1') in 0.006192 seconds
  Import took 0.009593 seconds .

========================================================================
Received Import Request.
  Time since last request: 2.170058 seconds.
  path: Assets/Scripts
  artifactKey: Guid(02a3527b6b33a924e8ec66aa805ea717) Importer(815301076,1909f56bfc062723c751e8b465ee728b)
Start importing Assets/Scripts using Guid(02a3527b6b33a924e8ec66aa805ea717) Importer(815301076,1909f56bfc062723c751e8b465ee728b)  -> (artifact id: '6bd86b1d3c446bea3dff0cc9782305c0') in 0.005180 seconds
  Import took 0.008510 seconds .

========================================================================
Received Import Request.
  Time since last request: 0.000620 seconds.
  path: Assets/Scripts
  artifactKey: Guid(02a3527b6b33a924e8ec66aa805ea717) Importer(815301076,1909f56bfc062723c751e8b465ee728b)
Start importing Assets/Scripts using Guid(02a3527b6b33a924e8ec66aa805ea717) Importer(815301076,1909f56bfc062723c751e8b465ee728b)  -> (artifact id: '6bd86b1d3c446bea3dff0cc9782305c0') in 0.001668 seconds
  Import took 0.005061 seconds .

========================================================================
Received Import Request.
  Time since last request: 3.089622 seconds.
  path: Assets/Scenes
  artifactKey: Guid(4b3d770a397e6a844b9b9df411f33fbb) Importer(815301076,1909f56bfc062723c751e8b465ee728b)
Start importing Assets/Scenes using Guid(4b3d770a397e6a844b9b9df411f33fbb) Importer(815301076,1909f56bfc062723c751e8b465ee728b)  -> (artifact id: 'c7cf6d230be32fe6ae0dcac7a60a66ea') in 0.005151 seconds
  Import took 0.008409 seconds .

========================================================================
Received Import Request.
  Time since last request: 0.000372 seconds.
  path: Assets/Scenes
  artifactKey: Guid(4b3d770a397e6a844b9b9df411f33fbb) Importer(815301076,1909f56bfc062723c751e8b465ee728b)
Start importing Assets/Scenes using Guid(4b3d770a397e6a844b9b9df411f33fbb) Importer(815301076,1909f56bfc062723c751e8b465ee728b)  -> (artifact id: 'c7cf6d230be32fe6ae0dcac7a60a66ea') in 0.001660 seconds
  Import took 0.004663 seconds .

========================================================================
Received Import Request.
  Time since last request: 1.898330 seconds.
  path: Assets/Presets
  artifactKey: Guid(558255460b74ec04fa70b5570e9327bd) Importer(815301076,1909f56bfc062723c751e8b465ee728b)
Start importing Assets/Presets using Guid(558255460b74ec04fa70b5570e9327bd) Importer(815301076,1909f56bfc062723c751e8b465ee728b)  -> (artifact id: 'dae0f04151eee1890c5f8f7b35baf936') in 0.005976 seconds
  Import took 0.009310 seconds .

========================================================================
Received Import Request.
  Time since last request: 0.000438 seconds.
  path: Assets/Presets
  artifactKey: Guid(558255460b74ec04fa70b5570e9327bd) Importer(815301076,1909f56bfc062723c751e8b465ee728b)
Start importing Assets/Presets using Guid(558255460b74ec04fa70b5570e9327bd) Importer(815301076,1909f56bfc062723c751e8b465ee728b)  -> (artifact id: 'dae0f04151eee1890c5f8f7b35baf936') in 0.001633 seconds
  Import took 0.004352 seconds .

========================================================================
Received Import Request.
  Time since last request: 0.037991 seconds.
  path: Assets/Presets/AudioCompressedInMemory.preset
  artifactKey: Guid(2dd802e4d37c65149922028d3e973832) Importer(815301076,1909f56bfc062723c751e8b465ee728b)
Start importing Assets/Presets/AudioCompressedInMemory.preset using Guid(2dd802e4d37c65149922028d3e973832) Importer(815301076,1909f56bfc062723c751e8b465ee728b)  -> (artifact id: 'b18cbd2c66d7256d377f2be6b18d45c8') in 0.010047 seconds
  Import took 0.013460 seconds .

========================================================================
Received Import Request.
  Time since last request: 0.000130 seconds.
  path: Assets/Presets/AudioStreaming.preset
  artifactKey: Guid(86bcce7f5575b54408aa0f3a7d321039) Importer(815301076,1909f56bfc062723c751e8b465ee728b)
Start importing Assets/Presets/AudioStreaming.preset using Guid(86bcce7f5575b54408aa0f3a7d321039) Importer(815301076,1909f56bfc062723c751e8b465ee728b)  -> (artifact id: '3733209e64214ed637045a4445d8ace9') in 0.010113 seconds
  Import took 0.013091 seconds .

========================================================================
Received Import Request.
  Time since last request: 0.000121 seconds.
  path: Assets/Presets/NormalTexture.preset
  artifactKey: Guid(14a57cf3b9fa1c74b884aa7e0dcf1faa) Importer(815301076,1909f56bfc062723c751e8b465ee728b)
Start importing Assets/Presets/NormalTexture.preset using Guid(14a57cf3b9fa1c74b884aa7e0dcf1faa) Importer(815301076,1909f56bfc062723c751e8b465ee728b)  -> (artifact id: '9122ab2b4139acf4638b2b25587976a8') in 0.010876 seconds
  Import took 0.013839 seconds .

========================================================================
Received Import Request.
  Time since last request: 0.000120 seconds.
  path: Assets/Presets/UtilityTexture.preset
  artifactKey: Guid(45f7b2e3c78185248b3adbb14429c2ab) Importer(815301076,1909f56bfc062723c751e8b465ee728b)
Start importing Assets/Presets/UtilityTexture.preset using Guid(45f7b2e3c78185248b3adbb14429c2ab) Importer(815301076,1909f56bfc062723c751e8b465ee728b)  -> (artifact id: '68a0a6a9213efaf2bf555922cd89ac63') in 0.010526 seconds
  Import took 0.014057 seconds .

========================================================================
Received Import Request.
  Time since last request: 2.205021 seconds.
  path: Assets/ExampleAssets
  artifactKey: Guid(990f5c2df70993f4987a388ca178996a) Importer(815301076,1909f56bfc062723c751e8b465ee728b)
Start importing Assets/ExampleAssets using Guid(990f5c2df70993f4987a388ca178996a) Importer(815301076,1909f56bfc062723c751e8b465ee728b)  -> (artifact id: '4456673676244c877c8f3931286173e7') in 0.005027 seconds
  Import took 0.008304 seconds .

========================================================================
Received Import Request.
  Time since last request: 0.000772 seconds.
  path: Assets/ExampleAssets
  artifactKey: Guid(990f5c2df70993f4987a388ca178996a) Importer(815301076,1909f56bfc062723c751e8b465ee728b)
Start importing Assets/ExampleAssets using Guid(990f5c2df70993f4987a388ca178996a) Importer(815301076,1909f56bfc062723c751e8b465ee728b)  -> (artifact id: '4456673676244c877c8f3931286173e7') in 0.001750 seconds
  Import took 0.004627 seconds .

AssetImportWorkerClient::OnTransportError - code=2 error=End of file
